<?xml version="1.0" encoding="UTF-8"?>
<!-- Generated by org.testng.reporters.JUnitReportReporter -->
<testsuite skipped="0" hostname="PUNITP202483L" name="Guru99.CustomerLogin" tests="1" failures="0" timestamp="09 Jun 2019 06:41:37 GMT" time="11.021" errors="0">
  <testcase name="customerLogin" time="11.021" classname="Guru99.CustomerLogin"/>
</testsuite> <!-- Guru99.CustomerLogin -->
