<?xml version="1.0" encoding="UTF-8"?>
<!-- Generated by org.testng.reporters.JUnitReportReporter -->
<testsuite skipped="0" hostname="PUNITP202483L" name="Guru99.managerAddAccount" tests="1" failures="0" timestamp="04 Jun 2019 04:37:03 GMT" time="29.976" errors="0">
  <testcase name="addAccount" time="29.976" classname="Guru99.managerAddAccount"/>
</testsuite> <!-- Guru99.managerAddAccount -->
