<?xml version="1.0" encoding="UTF-8"?>
<!-- Generated by org.testng.reporters.JUnitReportReporter -->
<testsuite skipped="0" hostname="PUNITP202483L" name="Guru99.managerDeleteAccount" tests="1" failures="0" timestamp="05 Jun 2019 09:29:47 GMT" time="17.808" errors="0">
  <testcase name="deleteAccount" time="17.808" classname="Guru99.managerDeleteAccount"/>
</testsuite> <!-- Guru99.managerDeleteAccount -->
