<?xml version="1.0" encoding="UTF-8"?>
<!-- Generated by org.testng.reporters.JUnitReportReporter -->
<testsuite skipped="0" hostname="PUNITP202483L" name="Guru99.CustomerBalanceEnquiry" tests="1" failures="0" timestamp="09 Jun 2019 07:08:46 GMT" time="24.824" errors="0">
  <testcase name="CustomerBalanceEnquiry" time="24.824" classname="Guru99.CustomerBalanceEnquiry"/>
</testsuite> <!-- Guru99.CustomerBalanceEnquiry -->
