<?xml version="1.0" encoding="UTF-8"?>
<!-- Generated by org.testng.reporters.JUnitReportReporter -->
<testsuite skipped="0" hostname="PUNITP202483L" name="Guru99.managerEditCustomerDetails" tests="1" failures="0" timestamp="05 Jun 2019 10:23:38 GMT" time="26.736" errors="0">
  <testcase name="editCustomer" time="26.736" classname="Guru99.managerEditCustomerDetails"/>
</testsuite> <!-- Guru99.managerEditCustomerDetails -->
