<?xml version="1.0" encoding="UTF-8"?>
<!-- Generated by org.testng.reporters.JUnitReportReporter -->
<testsuite skipped="0" hostname="PUNITP202483L" name="Guru99.managerWithdrawl" tests="1" failures="0" timestamp="09 Jun 2019 05:51:50 GMT" time="54.071" errors="0">
  <testcase name="withdrawlFunctionalities" time="54.071" classname="Guru99.managerWithdrawl"/>
</testsuite> <!-- Guru99.managerWithdrawl -->
