<?xml version="1.0" encoding="UTF-8"?>
<!-- Generated by org.testng.reporters.JUnitReportReporter -->
<testsuite skipped="0" hostname="PUNITP202483L" name="Guru99.managerPositiveStatement" tests="1" failures="0" timestamp="05 Jun 2019 09:53:09 GMT" time="24.803" errors="0">
  <testcase name="statementFunctionality" time="24.803" classname="Guru99.managerPositiveStatement"/>
</testsuite> <!-- Guru99.managerPositiveStatement -->
