<?xml version="1.0" encoding="UTF-8"?>
<!-- Generated by org.testng.reporters.JUnitReportReporter -->
<testsuite skipped="0" hostname="PUNITP202483L" name="Guru99.managerMiniStatement" tests="1" failures="0" timestamp="05 Jun 2019 09:42:40 GMT" time="76.936" errors="0">
  <testcase name="generateMiniStatement" time="76.936" classname="Guru99.managerMiniStatement"/>
</testsuite> <!-- Guru99.managerMiniStatement -->
