<?xml version="1.0" encoding="UTF-8"?>
<!-- Generated by org.testng.reporters.JUnitReportReporter -->
<testsuite skipped="0" hostname="PUNITP202483L" name="Guru99.managerConfirmDeleteAccount" tests="1" failures="0" timestamp="05 Jun 2019 09:27:44 GMT" time="139.305" errors="0">
  <testcase name="confirmDeleteAccount" time="139.305" classname="Guru99.managerConfirmDeleteAccount"/>
</testsuite> <!-- Guru99.managerConfirmDeleteAccount -->
