<?xml version="1.0" encoding="UTF-8"?>
<!-- Generated by org.testng.reporters.JUnitReportReporter -->
<testsuite skipped="0" hostname="PUNITP202483L" name="Guru99.CustomerMiniStatement" tests="1" failures="0" timestamp="09 Jun 2019 07:17:41 GMT" time="13.988" errors="0">
  <testcase name="CustomerMiniStatement" time="13.988" classname="Guru99.CustomerMiniStatement"/>
</testsuite> <!-- Guru99.CustomerMiniStatement -->
