<?xml version="1.0" encoding="UTF-8"?>
<!-- Generated by org.testng.reporters.JUnitReportReporter -->
<testsuite skipped="0" hostname="PUNITP202483L" name="Guru99.managerLogin" tests="1" failures="0" timestamp="02 Jun 2019 06:04:06 GMT" time="18.707" errors="0">
  <testcase name="managerLogin" time="18.707" classname="Guru99.managerLogin"/>
</testsuite> <!-- Guru99.managerLogin -->
