<?xml version="1.0" encoding="UTF-8"?>
<!-- Generated by org.testng.reporters.JUnitReportReporter -->
<testsuite skipped="0" hostname="PUNITP202483L" name="Guru99.managerFundTransfer" tests="1" failures="0" timestamp="02 Jun 2019 11:34:22 GMT" time="18.010" errors="0">
  <testcase name="fundTransferFunctionalities" time="18.010" classname="Guru99.managerFundTransfer"/>
</testsuite> <!-- Guru99.managerFundTransfer -->
